<?xml version="1.0" encoding="UTF-8"?>
<!-- Generated by org.testng.reporters.JUnitReportReporter -->
<testsuite hostname="Prince-Computer" failures="0" tests="1" name="com.amazon.tests.CartWithAllItemsPageTest" time="36.769" errors="0" timestamp="2023-04-05T18:23:01 EDT" skipped="0">
  <testcase classname="com.amazon.tests.CartWithAllItemsPageTest" name="verifyCorrectSubtoal" time="36.769"/>
  <system-out/>
</testsuite> <!-- com.amazon.tests.CartWithAllItemsPageTest -->
