<?xml version="1.0" encoding="UTF-8"?>
<!-- Generated by org.testng.reporters.JUnitReportReporter -->
<testsuite hostname="Prince-Computer" failures="0" tests="1" name="com.amazon.tests.CreateNewAccTest" time="13.083" errors="0" timestamp="2023-04-06T17:51:11 EDT" skipped="0">
  <testcase classname="com.amazon.tests.CreateNewAccTest" name="verifyEmptyPhoneNoTest" time="13.083"/>
  <system-out/>
</testsuite> <!-- com.amazon.tests.CreateNewAccTest -->
